<?xml version="1.0" encoding="UTF-8"?>
<!-- Generated by org.testng.reporters.JUnitReportReporter -->
<testsuite skipped="0" hostname="SAM-DESKTOP" name="com.smoke.practice.SmokeTest" tests="1" failures="0" timestamp="2022-01-31T23:24:41 EST" time="4.058" errors="0">
  <testcase name="testNG" time="4.058" classname="com.smoke.practice.SmokeTest"/>
  <system-out/>
</testsuite> <!-- com.smoke.practice.SmokeTest -->
